[2017-02-02-20-45-08] [INFO] [\server.js] Initializing the DB connection. mongodb://localhost:27017/foodonline
[2017-02-02-20-45-19] [INFO] [\database\dbuseraccess.js] User passwd hash is matched.
[2017-02-02-20-46-46] [INFO] [\server.js] Initializing the DB connection. mongodb://localhost:27017/foodonline
[2017-02-02-20-46-55] [INFO] [\database\dbuseraccess.js] User passwd hash is matched.
[2017-02-02-20-51-42] [INFO] [\server.js] Initializing the DB connection. mongodb://localhost:27017/foodonline
[2017-02-02-20-52-13] [INFO] [\database\dbuseraccess.js] User passwd hash is matched.
[2017-02-02-20-53-49] [INFO] [\database\dbuseraccess.js] User passwd hash is matched.
[2017-02-02-20-56-12] [INFO] [\database\dbuseraccess.js] User passwd hash is matched.
[2017-02-02-21-02-54] [INFO] [\server.js] Initializing the DB connection. mongodb://localhost:27017/foodonline
[2017-02-02-21-03-03] [INFO] [\database\dbuseraccess.js] User passwd hash is matched.
[2017-02-02-21-05-40] [INFO] [\database\dbuseraccess.js] User passwd hash is matched.
[2017-02-02-21-10-48] [INFO] [\server.js] Initializing the DB connection. mongodb://localhost:27017/foodonline
[2017-02-02-21-11-00] [INFO] [\database\dbuseraccess.js] User passwd hash is matched.
[2017-02-02-21-11-20] [INFO] [\database\dbuseraccess.js] User passwd hash is matched.
[2017-02-02-21-25-57] [INFO] [\database\dbuseraccess.js] User passwd hash is matched.
[2017-02-02-21-26-56] [INFO] [\database\dbuseraccess.js] User passwd hash is matched.
[2017-02-02-21-28-46] [INFO] [\database\dbuseraccess.js] User passwd hash is matched.
[2017-02-07-15-21-33] [INFO] [\server.js] Initializing the DB connection. mongodb://localhost:27017/foodonline
[2017-02-07-15-26-15] [INFO] [\server.js] Initializing the DB connection. mongodb://localhost:27017/foodonline
[2017-02-07-15-42-02] [INFO] [\server.js] Initializing the DB connection. mongodb://localhost:27017/foodonline
[2017-02-07-15-42-23] [INFO] [\database\dbuseraccess.js] User passwd hash is matched.
[2017-02-07-15-44-00] [INFO] [\server.js] Initializing the DB connection. mongodb://localhost:27017/foodonline
[2017-02-07-15-47-28] [INFO] [\server.js] Initializing the DB connection. mongodb://localhost:27017/foodonline
[2017-02-07-15-50-18] [INFO] [\server.js] Initializing the DB connection. mongodb://localhost:27017/foodonline
[2017-02-07-15-51-43] [INFO] [\server.js] Initializing the DB connection. mongodb://localhost:27017/foodonline
[2017-02-07-15-52-20] [INFO] [\server.js] Initializing the DB connection. mongodb://localhost:27017/foodonline
[2017-02-07-16-00-39] [INFO] [\database\dbuseraccess.js] User passwd hash is matched.
[2017-02-07-16-01-00] [INFO] [\database\dbitemaccess.js] Item is inserted successfully.
[2017-02-07-16-04-57] [INFO] [\server.js] Initializing the DB connection. mongodb://localhost:27017/foodonline
[2017-02-07-16-07-05] [INFO] [\database\dbuseraccess.js] User passwd hash is matched.
[2017-02-07-16-07-30] [INFO] [\database\dbitemaccess.js] Item is inserted successfully.
[2017-02-07-16-13-53] [INFO] [\server.js] Initializing the DB connection. mongodb://localhost:27017/foodonline
[2017-02-07-16-15-29] [INFO] [\server.js] Initializing the DB connection. mongodb://localhost:27017/foodonline
[2017-02-07-16-16-12] [INFO] [\server.js] Initializing the DB connection. mongodb://localhost:27017/foodonline
[2017-02-07-16-18-00] [INFO] [\server.js] Initializing the DB connection. mongodb://localhost:27017/foodonline
[2017-02-07-16-18-53] [INFO] [\database\dbuseraccess.js] User passwd hash is matched.
[2017-02-07-16-19-00] [INFO] [\database\dbuseraccess.js] User passwd hash is matched.
[2017-02-07-16-19-47] [INFO] [\server.js] Initializing the DB connection. mongodb://localhost:27017/foodonline
[2017-02-07-16-19-56] [INFO] [\database\dbuseraccess.js] User passwd hash is matched.
[2017-02-07-16-34-03] [INFO] [\database\dbuseraccess.js] User passwd hash is matched.
[2017-02-07-16-45-12] [INFO] [\server.js] Initializing the DB connection. mongodb://localhost:27017/foodonline
[2017-02-07-16-45-35] [INFO] [\database\dbuseraccess.js] User passwd hash is matched.
[2017-02-07-18-38-24] [INFO] [\server.js] Initializing the DB connection. mongodb://localhost:27017/foodonline
[2017-02-07-18-43-32] [INFO] [\database\dbuseraccess.js] User passwd hash is matched.
[2017-02-07-18-49-04] [INFO] [\server.js] Initializing the DB connection. mongodb://localhost:27017/foodonline
[2017-02-07-18-49-17] [INFO] [\database\dbuseraccess.js] User passwd hash is matched.
[2017-02-07-18-54-59] [INFO] [\database\dbuseraccess.js] User passwd hash is matched.
[2017-02-07-18-55-15] [INFO] [\database\dbuseraccess.js] User passwd hash is matched.
[2017-02-07-18-55-42] [INFO] [\database\dbuseraccess.js] User passwd hash is matched.
[2017-02-07-19-04-24] [INFO] [\server.js] Initializing the DB connection. mongodb://localhost:27017/foodonline
[2017-02-07-19-04-33] [INFO] [\database\dbuseraccess.js] User passwd hash is matched.
[2017-02-07-19-06-43] [INFO] [\server.js] Initializing the DB connection. mongodb://localhost:27017/foodonline
[2017-02-07-19-06-52] [INFO] [\database\dbuseraccess.js] User passwd hash is matched.
[2017-02-07-21-48-00] [INFO] [\server.js] Initializing the DB connection. mongodb://localhost:27017/foodonline
[2017-02-07-21-48-06] [INFO] [\database\dbuseraccess.js] User passwd hash is matched.
[2017-02-07-21-59-48] [INFO] [\server.js] Initializing the DB connection. mongodb://localhost:27017/foodonline
[2017-02-07-21-59-53] [INFO] [\database\dbuseraccess.js] User passwd hash is matched.
[2017-02-07-22-02-18] [INFO] [\server.js] Initializing the DB connection. mongodb://localhost:27017/foodonline
[2017-02-07-22-02-23] [INFO] [\database\dbuseraccess.js] User passwd hash is matched.
[2017-02-07-22-10-43] [INFO] [\server.js] Initializing the DB connection. mongodb://localhost:27017/foodonline
[2017-02-07-22-10-53] [INFO] [\database\dbuseraccess.js] User passwd hash is matched.
[2017-02-07-22-11-58] [INFO] [\server.js] Initializing the DB connection. mongodb://localhost:27017/foodonline
[2017-02-07-22-12-49] [INFO] [\server.js] Initializing the DB connection. mongodb://localhost:27017/foodonline
[2017-02-07-22-14-17] [INFO] [\server.js] Initializing the DB connection. mongodb://localhost:27017/foodonline
[2017-02-07-22-15-25] [INFO] [\server.js] Initializing the DB connection. mongodb://localhost:27017/foodonline
[2017-02-07-22-15-53] [INFO] [\server.js] Initializing the DB connection. mongodb://localhost:27017/foodonline
[2017-02-07-22-17-32] [INFO] [\server.js] Initializing the DB connection. mongodb://localhost:27017/foodonline
[2017-02-07-22-20-24] [INFO] [\server.js] Initializing the DB connection. mongodb://localhost:27017/foodonline
[2017-02-07-22-21-11] [INFO] [\server.js] Initializing the DB connection. mongodb://localhost:27017/foodonline
[2017-02-07-22-22-23] [INFO] [\server.js] Initializing the DB connection. mongodb://localhost:27017/foodonline
[2017-02-07-22-22-55] [INFO] [\server.js] Initializing the DB connection. mongodb://localhost:27017/foodonline
[2017-02-07-22-24-55] [INFO] [\server.js] Initializing the DB connection. mongodb://localhost:27017/foodonline
[2017-02-07-22-25-02] [INFO] [\database\dbuseraccess.js] User passwd hash is matched.
[2017-02-07-22-37-40] [INFO] [\server.js] Initializing the DB connection. mongodb://localhost:27017/foodonline
[2017-02-07-22-37-57] [INFO] [\database\dbuseraccess.js] User passwd hash is matched.
[2017-02-07-23-11-48] [INFO] [\server.js] Initializing the DB connection. mongodb://localhost:27017/foodonline
[2017-02-07-23-12-50] [INFO] [\server.js] Initializing the DB connection. mongodb://localhost:27017/foodonline
[2017-02-07-23-13-33] [INFO] [\server.js] Initializing the DB connection. mongodb://localhost:27017/foodonline
[2017-02-07-23-13-47] [INFO] [\database\dbuseraccess.js] User passwd hash is matched.
[2017-02-07-23-21-15] [INFO] [\server.js] Initializing the DB connection. mongodb://localhost:27017/foodonline
[2017-02-07-23-22-03] [INFO] [\server.js] Initializing the DB connection. mongodb://localhost:27017/foodonline
[2017-02-07-23-22-48] [INFO] [\server.js] Initializing the DB connection. mongodb://localhost:27017/foodonline
[2017-02-07-23-23-31] [INFO] [\server.js] Initializing the DB connection. mongodb://localhost:27017/foodonline
[2017-02-07-23-24-34] [INFO] [\server.js] Initializing the DB connection. mongodb://localhost:27017/foodonline
[2017-02-07-23-25-13] [INFO] [\server.js] Initializing the DB connection. mongodb://localhost:27017/foodonline
[2017-02-07-23-25-35] [INFO] [\database\dbuseraccess.js] User passwd hash is matched.
[2017-02-07-23-26-46] [INFO] [\server.js] Initializing the DB connection. mongodb://localhost:27017/foodonline
[2017-02-07-23-27-19] [INFO] [\server.js] Initializing the DB connection. mongodb://localhost:27017/foodonline
[2017-02-07-23-30-42] [INFO] [\server.js] Initializing the DB connection. mongodb://localhost:27017/foodonline
[2017-02-07-23-31-43] [INFO] [\server.js] Initializing the DB connection. mongodb://localhost:27017/foodonline
[2017-02-07-23-34-58] [INFO] [\server.js] Initializing the DB connection. mongodb://localhost:27017/foodonline
[2017-02-07-23-35-07] [INFO] [\database\dbuseraccess.js] User passwd hash is matched.
[2017-02-07-23-37-28] [INFO] [\database\dbuseraccess.js] User passwd hash is matched.
[2017-02-07-23-38-51] [INFO] [\server.js] Initializing the DB connection. mongodb://localhost:27017/foodonline
[2017-02-07-23-39-44] [INFO] [\server.js] Initializing the DB connection. mongodb://localhost:27017/foodonline
[2017-02-07-23-40-34] [INFO] [\server.js] Initializing the DB connection. mongodb://localhost:27017/foodonline
[2017-02-07-23-40-52] [INFO] [\database\dbuseraccess.js] User passwd hash is matched.
[2017-02-07-23-41-16] [INFO] [\server.js] Initializing the DB connection. mongodb://localhost:27017/foodonline
[2017-02-07-23-41-27] [INFO] [\database\dbuseraccess.js] User passwd hash is matched.
[2017-02-08-09-22-47] [INFO] [\server.js] Initializing the DB connection. mongodb://localhost:27017/foodonline
[2017-02-08-09-23-10] [INFO] [\database\dbuseraccess.js] User passwd hash is matched.
[2017-02-08-09-55-20] [INFO] [\server.js] Initializing the DB connection. mongodb://localhost:27017/foodonline
[2017-02-08-09-55-28] [INFO] [\database\dbuseraccess.js] User passwd hash is matched.
[2017-02-08-09-56-22] [INFO] [\server.js] Initializing the DB connection. mongodb://localhost:27017/foodonline
[2017-02-08-09-56-29] [INFO] [\database\dbuseraccess.js] User passwd hash is matched.
[2017-02-08-10-07-59] [INFO] [\server.js] Initializing the DB connection. mongodb://localhost:27017/foodonline
[2017-02-08-10-08-18] [INFO] [\database\dbuseraccess.js] User passwd hash is matched.
[2017-02-08-10-13-15] [INFO] [\server.js] Initializing the DB connection. mongodb://localhost:27017/foodonline
[2017-02-08-10-13-38] [INFO] [\database\dbuseraccess.js] User passwd hash is matched.
[2017-02-08-10-32-22] [INFO] [\server.js] Initializing the DB connection. mongodb://localhost:27017/foodonline
[2017-02-08-10-32-28] [INFO] [\database\dbuseraccess.js] User passwd hash is matched.
[2017-02-08-10-33-19] [INFO] [\database\dbuseraccess.js] User passwd hash is matched.
[2017-02-08-10-38-52] [INFO] [\database\dbuseraccess.js] User passwd hash is matched.
[2017-02-08-10-39-26] [INFO] [\database\dbuseraccess.js] User passwd hash is matched.
[2017-02-08-10-42-46] [INFO] [\server.js] Initializing the DB connection. mongodb://localhost:27017/foodonline
[2017-02-08-10-42-55] [INFO] [\database\dbuseraccess.js] User passwd hash is matched.
[2017-02-08-10-52-11] [INFO] [\database\dbuseraccess.js] User passwd hash is matched.
[2017-02-08-11-03-36] [INFO] [\database\dbuseraccess.js] User passwd hash is matched.
[2017-02-08-11-05-08] [INFO] [\database\dbuseraccess.js] User passwd hash is matched.
[2017-02-08-11-09-03] [INFO] [\database\dbuseraccess.js] User passwd hash is matched.
[2017-02-08-11-10-24] [INFO] [\database\dbuseraccess.js] User passwd hash is matched.
[2017-02-08-11-11-09] [INFO] [\database\dbuseraccess.js] User passwd hash is matched.
[2017-02-08-11-13-13] [INFO] [\database\dbuseraccess.js] User passwd hash is matched.
[2017-02-08-11-13-56] [INFO] [\database\dbuseraccess.js] User passwd hash is matched.
[2017-02-08-11-14-21] [INFO] [\server.js] Initializing the DB connection. mongodb://localhost:27017/foodonline
[2017-02-08-11-14-28] [INFO] [\database\dbuseraccess.js] User passwd hash is matched.
[2017-02-08-11-15-52] [INFO] [\database\dbuseraccess.js] User passwd hash is matched.
[2017-02-08-11-50-36] [INFO] [\server.js] Initializing the DB connection. mongodb://localhost:27017/foodonline
[2017-02-08-11-50-47] [INFO] [\database\dbuseraccess.js] User passwd hash is matched.
[2017-02-08-12-45-02] [INFO] [\server.js] Initializing the DB connection. mongodb://localhost:27017/foodonline
[2017-02-08-12-46-19] [INFO] [\server.js] Initializing the DB connection. mongodb://localhost:27017/foodonline
[2017-02-08-12-46-25] [INFO] [\database\dbuseraccess.js] User passwd hash is matched.
[2017-02-08-15-24-20] [INFO] [\server.js] Initializing the DB connection. mongodb://localhost:27017/foodonline
[2017-02-08-15-24-30] [INFO] [\database\dbuseraccess.js] User passwd hash is matched.
[2017-02-08-15-27-02] [INFO] [\database\dbuseraccess.js] User passwd hash is matched.
[2017-02-08-15-32-35] [INFO] [\server.js] Initializing the DB connection. mongodb://localhost:27017/foodonline
[2017-02-08-15-32-40] [INFO] [\database\dbuseraccess.js] User passwd hash is matched.
[2017-02-08-15-32-57] [INFO] [\database\dbuseraccess.js] User passwd hash is matched.
[2017-02-08-15-33-40] [INFO] [\database\dbuseraccess.js] User passwd hash is matched.
[2017-02-08-15-40-55] [INFO] [\server.js] Initializing the DB connection. mongodb://localhost:27017/foodonline
[2017-02-08-15-41-04] [INFO] [\database\dbuseraccess.js] User passwd hash is matched.
[2017-02-08-15-45-22] [INFO] [\database\dbuseraccess.js] User passwd hash is matched.
[2017-02-08-15-46-54] [INFO] [\server.js] Initializing the DB connection. mongodb://localhost:27017/foodonline
[2017-02-08-15-47-03] [INFO] [\database\dbuseraccess.js] User passwd hash is matched.
[2017-02-08-15-51-06] [INFO] [\server.js] Initializing the DB connection. mongodb://localhost:27017/foodonline
[2017-02-08-15-51-23] [INFO] [\database\dbuseraccess.js] User passwd hash is matched.
[2017-02-08-15-52-29] [INFO] [\server.js] Initializing the DB connection. mongodb://localhost:27017/foodonline
[2017-02-08-15-52-38] [INFO] [\database\dbuseraccess.js] User passwd hash is matched.
[2017-02-08-16-08-48] [INFO] [\server.js] Initializing the DB connection. mongodb://localhost:27017/foodonline
[2017-02-08-16-08-56] [INFO] [\database\dbuseraccess.js] User passwd hash is matched.
[2017-02-08-16-11-24] [INFO] [\database\dbuseraccess.js] User passwd hash is matched.
[2017-02-08-16-13-38] [INFO] [\database\dbuseraccess.js] User passwd hash is matched.
[2017-02-08-16-15-17] [INFO] [\database\dbuseraccess.js] User passwd hash is matched.
[2017-02-08-16-16-54] [INFO] [\database\dbuseraccess.js] User passwd hash is matched.
[2017-02-08-16-17-37] [INFO] [\database\dbuseraccess.js] User passwd hash is matched.
[2017-02-08-16-19-00] [INFO] [\server.js] Initializing the DB connection. mongodb://localhost:27017/foodonline
[2017-02-08-16-20-11] [INFO] [\server.js] Initializing the DB connection. mongodb://localhost:27017/foodonline
[2017-02-08-16-20-24] [INFO] [\database\dbuseraccess.js] User passwd hash is matched.
[2017-02-08-16-29-38] [INFO] [\database\dbuseraccess.js] User passwd hash is matched.
[2017-02-08-16-30-34] [INFO] [\database\dbuseraccess.js] User passwd hash is matched.
[2017-02-08-16-32-58] [INFO] [\server.js] Initializing the DB connection. mongodb://localhost:27017/foodonline
[2017-02-08-16-33-11] [INFO] [\database\dbuseraccess.js] User passwd hash is matched.
[2017-02-08-16-39-43] [INFO] [\server.js] Initializing the DB connection. mongodb://localhost:27017/foodonline
[2017-02-08-16-39-52] [INFO] [\database\dbuseraccess.js] User passwd hash is matched.
[2017-02-09-13-47-52] [INFO] [\server.js] Initializing the DB connection. mongodb://localhost:27017/foodonline
[2017-02-09-13-48-05] [INFO] [\database\dbuseraccess.js] User passwd hash is matched.
[2017-02-09-14-11-21] [INFO] [\server.js] Initializing the DB connection. mongodb://localhost:27017/foodonline
[2017-02-09-14-11-30] [INFO] [\database\dbuseraccess.js] User passwd hash is matched.
[2017-02-09-14-30-05] [INFO] [\server.js] Initializing the DB connection. mongodb://localhost:27017/foodonline
[2017-02-09-14-30-11] [INFO] [\database\dbuseraccess.js] User passwd hash is matched.
[2017-02-09-14-33-01] [INFO] [\server.js] Initializing the DB connection. mongodb://localhost:27017/foodonline
[2017-02-09-14-33-06] [INFO] [\database\dbuseraccess.js] User passwd hash is matched.
[2017-02-09-14-35-33] [INFO] [\server.js] Initializing the DB connection. mongodb://localhost:27017/foodonline
[2017-02-09-14-35-39] [INFO] [\database\dbuseraccess.js] User passwd hash is matched.
[2017-02-09-14-49-45] [INFO] [\server.js] Initializing the DB connection. mongodb://localhost:27017/foodonline
[2017-02-09-14-49-56] [INFO] [\database\dbuseraccess.js] User passwd hash is matched.
[2017-02-09-14-52-37] [INFO] [\server.js] Initializing the DB connection. mongodb://localhost:27017/foodonline
[2017-02-09-14-52-44] [INFO] [\database\dbuseraccess.js] User passwd hash is matched.
[2017-02-09-14-57-05] [INFO] [\server.js] Initializing the DB connection. mongodb://localhost:27017/foodonline
[2017-02-09-14-57-12] [INFO] [\database\dbuseraccess.js] User passwd hash is matched.
[2017-02-09-15-09-11] [INFO] [\server.js] Initializing the DB connection. mongodb://localhost:27017/foodonline
[2017-02-09-15-09-23] [INFO] [\database\dbuseraccess.js] User passwd hash is matched.
[2017-02-09-15-09-41] [INFO] [\database\dbitemaccess.js] Item is inserted successfully.
[2017-02-09-15-10-13] [INFO] [\database\dbitemaccess.js] Item is inserted successfully.
[2017-02-09-15-10-24] [INFO] [\database\dbitemaccess.js] Item is inserted successfully.
[2017-02-09-15-10-36] [INFO] [\database\dbitemaccess.js] Item is inserted successfully.
[2017-02-09-15-11-00] [INFO] [\database\dbitemaccess.js] Item is inserted successfully.
[2017-02-09-15-12-15] [INFO] [\database\dbuseraccess.js] User passwd hash is matched.
[2017-02-09-15-15-39] [INFO] [\database\dbuseraccess.js] User passwd hash is matched.
[2017-02-09-15-18-06] [INFO] [\server.js] Initializing the DB connection. mongodb://localhost:27017/foodonline
[2017-02-09-15-18-15] [INFO] [\database\dbuseraccess.js] User passwd hash is matched.
[2017-02-09-15-19-54] [INFO] [\server.js] Initializing the DB connection. mongodb://localhost:27017/foodonline
[2017-02-09-15-20-08] [INFO] [\database\dbuseraccess.js] User passwd hash is matched.
[2017-02-09-15-59-50] [INFO] [\database\dbuseraccess.js] User passwd hash is matched.
[2017-02-09-16-05-55] [INFO] [\server.js] Initializing the DB connection. mongodb://localhost:27017/foodonline
[2017-02-09-16-06-02] [INFO] [\database\dbuseraccess.js] User passwd hash is matched.
[2017-02-09-16-06-05] [INFO] [\database\dborderaccess.js] Order is inserted successfully.
[2017-02-09-16-07-11] [INFO] [\database\dborderaccess.js] Order undefined is found in DB.
[2017-02-09-16-07-11] [INFO] [\database\dborderaccess.js] Order is inserted successfully.
[2017-02-09-16-08-05] [INFO] [\database\dborderaccess.js] Order undefined is found in DB.
[2017-02-09-16-08-05] [INFO] [\database\dborderaccess.js] Order is inserted successfully.
[2017-02-09-16-08-22] [INFO] [\database\dborderaccess.js] Order undefined is found in DB.
[2017-02-09-16-08-22] [INFO] [\database\dborderaccess.js] Order is inserted successfully.
[2017-02-09-16-09-16] [INFO] [\database\dborderaccess.js] Order undefined is found in DB.
[2017-02-09-16-09-16] [INFO] [\database\dborderaccess.js] Order is inserted successfully.
[2017-02-09-19-17-33] [INFO] [\server.js] Initializing the DB connection. mongodb://localhost:27017/foodonline
[2017-02-09-19-17-52] [INFO] [\database\dbuseraccess.js] User passwd hash is matched.
[2017-02-09-19-56-51] [INFO] [\database\dbuseraccess.js] User passwd hash is matched.
[2017-02-09-20-23-49] [INFO] [\database\dbuseraccess.js] User passwd hash is matched.
[2017-02-09-20-37-25] [INFO] [\server.js] Initializing the DB connection. mongodb://localhost:27017/foodonline
[2017-02-09-20-37-48] [INFO] [\database\dbuseraccess.js] User passwd hash is matched.
[2017-02-09-20-38-30] [INFO] [\server.js] Initializing the DB connection. mongodb://localhost:27017/foodonline
[2017-02-09-20-38-37] [INFO] [\database\dbuseraccess.js] User passwd hash is matched.
[2017-02-09-21-04-48] [INFO] [\server.js] Initializing the DB connection. mongodb://localhost:27017/foodonline
[2017-02-09-21-04-54] [INFO] [\database\dbuseraccess.js] User passwd hash is matched.
[2017-02-09-21-05-22] [INFO] [\database\dbuseraccess.js] User passwd hash is matched.
[2017-02-09-21-06-53] [INFO] [\server.js] Initializing the DB connection. mongodb://localhost:27017/foodonline
[2017-02-09-21-07-02] [INFO] [\database\dbuseraccess.js] User passwd hash is matched.
[2017-02-09-21-07-50] [INFO] [\server.js] Initializing the DB connection. mongodb://localhost:27017/foodonline
[2017-02-09-21-08-51] [INFO] [\server.js] Initializing the DB connection. mongodb://localhost:27017/foodonline
[2017-02-09-21-09-12] [INFO] [\database\dbuseraccess.js] User passwd hash is matched.
[2017-02-09-21-12-02] [INFO] [\server.js] Initializing the DB connection. mongodb://localhost:27017/foodonline
[2017-02-09-21-12-09] [INFO] [\database\dbuseraccess.js] User passwd hash is matched.
[2017-02-09-22-00-50] [INFO] [\database\dbuseraccess.js] User passwd hash is matched.
[2017-02-09-22-01-58] [INFO] [\database\dbuseraccess.js] User passwd hash is matched.
[2017-02-09-22-02-41] [INFO] [\database\dbuseraccess.js] User passwd hash is matched.
[2017-02-09-22-08-02] [INFO] [\server.js] Initializing the DB connection. mongodb://localhost:27017/foodonline
[2017-02-09-22-08-09] [INFO] [\database\dbuseraccess.js] User passwd hash is matched.
[2017-02-09-22-11-37] [INFO] [\database\dborderaccess.js] Order is inserted successfully.
[2017-02-09-22-11-53] [INFO] [\database\dborderaccess.js] Order undefined is found in DB.
[2017-02-09-22-11-53] [INFO] [\database\dborderaccess.js] Order is inserted successfully.
[2017-02-09-22-12-11] [INFO] [\database\dborderaccess.js] Order undefined is found in DB.
[2017-02-09-22-12-11] [INFO] [\database\dborderaccess.js] Order is inserted successfully.
[2017-02-09-22-12-25] [INFO] [\database\dbuseraccess.js] User passwd hash is matched.
[2017-02-09-22-37-25] [INFO] [\server.js] Initializing the DB connection. mongodb://localhost:27017/foodonline
[2017-02-09-22-37-35] [INFO] [\database\dbuseraccess.js] User passwd hash is matched.
[2017-02-09-22-43-10] [INFO] [\database\dbuseraccess.js] User passwd hash is matched.
[2017-02-09-22-50-05] [INFO] [\server.js] Initializing the DB connection. mongodb://localhost:27017/foodonline
[2017-02-09-22-50-12] [INFO] [\database\dbuseraccess.js] User passwd hash is matched.
[2017-02-09-22-55-16] [INFO] [\server.js] Initializing the DB connection. mongodb://localhost:27017/foodonline
[2017-02-09-22-55-34] [INFO] [\database\dbuseraccess.js] User passwd hash is matched.
[2017-02-09-23-16-00] [INFO] [\database\dbuseraccess.js] User passwd hash is matched.
[2017-02-09-23-16-35] [INFO] [\database\dborderaccess.js] Order is inserted successfully.
[2017-02-09-23-16-51] [INFO] [\database\dborderaccess.js] Order undefined is found in DB.
[2017-02-09-23-16-51] [INFO] [\database\dborderaccess.js] Order is inserted successfully.
[2017-02-09-23-17-22] [INFO] [\database\dbuseraccess.js] User passwd hash is matched.
[2017-02-09-23-21-40] [INFO] [\database\dbuseraccess.js] User passwd hash is matched.
[2017-02-10-00-02-31] [INFO] [\database\dbuseraccess.js] User passwd hash is matched.
[2017-02-10-00-02-43] [INFO] [\database\dbuseraccess.js] User passwd hash is matched.
[2017-02-10-00-21-14] [INFO] [\database\dbuseraccess.js] User passwd hash is matched.
[2017-02-10-10-14-03] [INFO] [\server.js] Initializing the DB connection. mongodb://localhost:27017/foodonline
[2017-02-10-10-14-26] [INFO] [\server.js] Initializing the DB connection. mongodb://localhost:27017/foodonline
[2017-02-10-10-14-42] [INFO] [\database\dbuseraccess.js] User passwd hash is matched.
[2017-02-10-10-41-39] [INFO] [\database\dbuseraccess.js] User passwd hash is matched.
[2017-02-10-10-42-13] [INFO] [\database\dbuseraccess.js] User passwd hash is matched.
[2017-02-10-10-42-23] [INFO] [\database\dborderaccess.js] Order undefined is found in DB.
[2017-02-10-10-42-23] [INFO] [\database\dborderaccess.js] Order is inserted successfully.
[2017-02-10-10-43-21] [INFO] [\database\dbuseraccess.js] User passwd hash is matched.
[2017-02-10-11-15-01] [INFO] [\database\dbuseraccess.js] User passwd hash is matched.
[2017-02-10-11-15-10] [INFO] [\database\dbuseraccess.js] User passwd hash is matched.
[2017-02-10-11-33-28] [INFO] [\database\dbitemaccess.js] Item is inserted successfully.
[2017-02-10-11-39-11] [INFO] [\server.js] Initializing the DB connection. mongodb://localhost:27017/foodonline
[2017-02-10-11-39-21] [INFO] [\database\dbuseraccess.js] User passwd hash is matched.
[2017-02-10-11-40-05] [INFO] [\database\dbitemaccess.js] Item is inserted successfully.
[2017-02-10-11-47-53] [INFO] [\database\dbuseraccess.js] User passwd hash is matched.
[2017-02-10-13-27-40] [INFO] [\server.js] Initializing the DB connection. mongodb://localhost:27017/foodonline
[2017-02-10-13-28-00] [INFO] [\database\dbuseraccess.js] User passwd hash is matched.
[2017-02-10-13-33-27] [INFO] [\database\dbuseraccess.js] User passwd hash is matched.
[2017-02-10-13-41-29] [INFO] [\server.js] Initializing the DB connection. mongodb://localhost:27017/foodonline
[2017-02-10-13-42-23] [INFO] [\server.js] Initializing the DB connection. mongodb://localhost:27017/foodonline
[2017-02-10-13-44-27] [INFO] [\server.js] Initializing the DB connection. mongodb://localhost:27017/foodonline
[2017-02-10-13-48-12] [INFO] [\server.js] Initializing the DB connection. mongodb://localhost:27017/foodonline
[2017-02-10-14-32-14] [INFO] [\database\dbuseraccess.js] User passwd hash is matched.
[2017-02-10-14-32-24] [INFO] [\database\dbuseraccess.js] User passwd hash is matched.
[2017-02-10-14-32-35] [INFO] [\database\dbuseraccess.js] User passwd hash is matched.
[2017-02-10-14-53-03] [INFO] [\database\dbitemaccess.js] Item is inserted successfully.
[2017-02-10-14-54-47] [INFO] [\database\dbitemaccess.js] Item is inserted successfully.
[2017-02-10-14-55-32] [INFO] [\database\dbitemaccess.js] Item is inserted successfully.
[2017-02-10-14-56-36] [INFO] [\database\dbitemaccess.js] Item is inserted successfully.
[2017-02-10-15-03-04] [INFO] [\database\dbuseraccess.js] User passwd hash is matched.
[2017-02-10-15-25-12] [INFO] [\database\dbuseraccess.js] User passwd hash is matched.
[2017-02-10-15-30-29] [INFO] [\database\dbuseraccess.js] User passwd hash is matched.
[2017-02-10-15-32-44] [INFO] [\database\dbuseraccess.js] User passwd hash is matched.
[2017-02-10-15-38-56] [INFO] [\database\dbuseraccess.js] User passwd hash is matched.
[2017-02-10-15-39-21] [INFO] [\database\dbitemaccess.js] Item is inserted successfully.
[2017-02-10-15-39-41] [INFO] [\database\dbitemaccess.js] Item is inserted successfully.
[2017-02-10-15-39-55] [INFO] [\database\dbitemaccess.js] Item is inserted successfully.
[2017-02-10-15-40-08] [INFO] [\database\dbitemaccess.js] Item is inserted successfully.
[2017-02-10-15-42-38] [INFO] [\database\dbuseraccess.js] User passwd hash is matched.
[2017-02-10-15-42-57] [INFO] [\database\dbuseraccess.js] User passwd hash is matched.
[2017-02-10-15-43-15] [INFO] [\database\dbitemaccess.js] Item is inserted successfully.
[2017-02-10-15-43-25] [INFO] [\database\dbitemaccess.js] Item is inserted successfully.
[2017-02-10-15-43-38] [INFO] [\database\dbitemaccess.js] Item is inserted successfully.
[2017-02-10-17-55-45] [INFO] [\server.js] Initializing the DB connection. mongodb://localhost:27017/foodonline
[2017-02-10-17-56-55] [INFO] [\database\dbuseraccess.js] User passwd hash is matched.
[2017-02-10-17-57-59] [INFO] [\database\dbitemaccess.js] Item is inserted successfully.
[2017-02-10-17-58-11] [INFO] [\database\dbitemaccess.js] Item is inserted successfully.
[2017-02-10-17-58-27] [INFO] [\database\dbitemaccess.js] Item is inserted successfully.
[2017-02-10-18-00-40] [INFO] [\database\dbuseraccess.js] User passwd hash is matched.
[2017-02-10-18-01-01] [INFO] [\database\dbitemaccess.js] Item is inserted successfully.
[2017-02-10-18-01-17] [INFO] [\database\dbitemaccess.js] Item is inserted successfully.
[2017-02-10-18-01-35] [INFO] [\database\dbitemaccess.js] Item is inserted successfully.
[2017-02-10-18-29-41] [INFO] [\database\dbuseraccess.js] User passwd hash is matched.
[2017-02-10-18-29-56] [INFO] [\database\dbitemaccess.js] Item is inserted successfully.
[2017-02-10-18-30-15] [INFO] [\database\dbitemaccess.js] Item is inserted successfully.
[2017-02-10-18-31-05] [INFO] [\database\dbuseraccess.js] User passwd hash is matched.
[2017-02-10-18-31-21] [INFO] [\database\dbitemaccess.js] Item is inserted successfully.
[2017-02-10-18-31-55] [INFO] [\database\dbuseraccess.js] User passwd hash is matched.
[2017-02-10-18-32-17] [INFO] [\database\dbitemaccess.js] Item is inserted successfully.
[2017-02-10-18-33-13] [INFO] [\database\dbuseraccess.js] User passwd hash is matched.
[2017-02-10-18-33-30] [INFO] [\database\dbitemaccess.js] Item is inserted successfully.
[2017-02-10-18-33-59] [INFO] [\database\dbuseraccess.js] User passwd hash is matched.
[2017-02-10-18-34-16] [INFO] [\database\dbitemaccess.js] Item is inserted successfully.
[2017-02-10-18-34-29] [INFO] [\database\dbuseraccess.js] User passwd hash is matched.
[2017-02-10-18-34-45] [INFO] [\database\dbitemaccess.js] Item is inserted successfully.
[2017-02-10-18-39-36] [INFO] [\database\dbuseraccess.js] User passwd hash is matched.
[2017-02-10-18-43-22] [INFO] [\database\dbuseraccess.js] User passwd hash is matched.
[2017-02-10-18-44-12] [INFO] [\database\dbuseraccess.js] User passwd hash is matched.
[2017-02-10-19-01-57] [INFO] [\database\dbuseraccess.js] User passwd hash is matched.
[2017-02-10-19-02-15] [INFO] [\database\dbitemaccess.js] Item is inserted successfully.
[2017-02-10-19-06-38] [INFO] [\database\dbitemaccess.js] Item is inserted successfully.
[2017-02-10-19-14-09] [INFO] [\database\dborderaccess.js] Order is inserted successfully.
[2017-02-10-19-14-32] [INFO] [\database\dbuseraccess.js] User passwd hash is matched.
[2017-02-10-19-15-44] [INFO] [\database\dborderaccess.js] Order undefined is found in DB.
[2017-02-10-19-15-44] [INFO] [\database\dborderaccess.js] Order is inserted successfully.
[2017-02-10-19-16-04] [INFO] [\database\dbuseraccess.js] User passwd hash is matched.
[2017-02-10-19-17-24] [INFO] [\database\dbuseraccess.js] User passwd hash is matched.
[2017-02-10-19-18-35] [INFO] [\database\dborderaccess.js] Order is inserted successfully.
[2017-02-10-19-20-42] [INFO] [\database\dborderaccess.js] Order undefined is found in DB.
[2017-02-10-19-20-42] [INFO] [\database\dborderaccess.js] Order is inserted successfully.
[2017-02-10-19-21-45] [INFO] [\database\dbuseraccess.js] User passwd hash is matched.
[2017-02-10-19-24-15] [INFO] [\database\dbuseraccess.js] User passwd hash is matched.
[2017-02-10-19-25-14] [INFO] [\database\dbuseraccess.js] User passwd hash is matched.
[2017-02-10-19-30-50] [INFO] [\server.js] Initializing the DB connection. mongodb://localhost:27017/foodonline
[2017-02-10-19-31-04] [INFO] [\database\dbuseraccess.js] User passwd hash is matched.
[2017-02-10-19-31-35] [INFO] [\database\dborderaccess.js] Order undefined is found in DB.
[2017-02-10-19-31-35] [INFO] [\database\dborderaccess.js] Order is inserted successfully.
[2017-02-10-19-35-47] [INFO] [\database\dborderaccess.js] Order undefined is found in DB.
[2017-02-10-19-35-47] [INFO] [\database\dborderaccess.js] Order is inserted successfully.
[2017-02-10-19-36-07] [INFO] [\database\dbuseraccess.js] User passwd hash is matched.
[2017-02-10-19-38-33] [INFO] [\database\dbuseraccess.js] User passwd hash is matched.
[2017-02-10-19-39-03] [INFO] [\database\dbuseraccess.js] User passwd hash is matched.
[2017-02-10-19-39-39] [INFO] [\database\dbuseraccess.js] User passwd hash is matched.
[2017-02-10-21-11-39] [INFO] [\server.js] Initializing the DB connection. mongodb://localhost:27017/foodonline
[2017-02-11-10-41-31] [INFO] [\server.js] Initializing the DB connection. mongodb://localhost:27017/foodonline
[2017-02-11-11-07-27] [INFO] [\server.js] Initializing the DB connection. mongodb://localhost:27017/foodonline
[2017-02-11-19-34-50] [INFO] [\server.js] Initializing the DB connection. mongodb://localhost:27017/foodonline
[2017-02-11-19-35-43] [INFO] [\database\dbuseraccess.js] User passwd hash is matched.
[2017-02-11-19-36-13] [INFO] [\database\dborderaccess.js] Order undefined is found in DB.
[2017-02-11-19-36-13] [INFO] [\database\dborderaccess.js] Order is inserted successfully.
[2017-02-11-19-36-58] [INFO] [\database\dborderaccess.js] Order undefined is found in DB.
[2017-02-11-19-36-58] [INFO] [\database\dborderaccess.js] Order is inserted successfully.
[2017-02-11-19-37-19] [INFO] [\database\dbuseraccess.js] User passwd hash is matched.
[2017-02-11-19-37-48] [INFO] [\database\dbitemaccess.js] Item is inserted successfully.
[2017-02-11-19-38-27] [INFO] [\database\dbitemaccess.js] Item is inserted successfully.
[2017-02-11-19-41-33] [INFO] [\database\dbuseraccess.js] User passwd hash is matched.
[2017-02-11-19-42-21] [INFO] [\database\dbuseraccess.js] User passwd hash is matched.
[2017-02-11-19-42-42] [INFO] [\database\dbuseraccess.js] User passwd hash is matched.
[2017-02-11-19-43-43] [INFO] [\database\dbuseraccess.js] User passwd hash is matched.
[2017-02-11-19-51-26] [INFO] [\database\dborderaccess.js] Order undefined is found in DB.
[2017-02-11-19-51-26] [INFO] [\database\dborderaccess.js] Order is inserted successfully.
[2017-02-11-19-51-48] [INFO] [\database\dbuseraccess.js] User passwd hash is matched.
[2017-02-11-20-37-00] [INFO] [\server.js] Initializing the DB connection. mongodb://localhost:27017/foodonline
[2017-02-11-20-38-18] [INFO] [\database\dbuseraccess.js] User passwd hash is matched.
[2017-02-11-20-40-59] [INFO] [\database\dborderaccess.js] Order undefined is found in DB.
[2017-02-11-20-40-59] [INFO] [\database\dborderaccess.js] Order is inserted successfully.
[2017-02-11-20-41-30] [INFO] [\database\dbuseraccess.js] User passwd hash is matched.
[2017-02-11-20-45-36] [INFO] [\database\dbitemaccess.js] Item is inserted successfully.
[2017-02-14-22-11-02] [INFO] [\server.js] Initializing the DB connection. mongodb://localhost:27017/foodonline
